# JRE version: OpenJDK Runtime Environment (8.0_212-b04) (build 1.8.0_212-release-1586-b04)
# Java VM: OpenJDK 64-Bit Server VM (25.212-b04 mixed mode windows-amd64 compressed oops)
Heap:
 PSYoungGen      total 109568K, used 45684K [0x00000000e0000000, 0x00000000e9000000, 0x0000000100000000)
  eden space 101376K, 37% used [0x00000000e0000000,0x00000000e24d2178,0x00000000e6300000)
  from space 8192K, 97% used [0x00000000e8800000,0x00000000e8fcb038,0x00000000e9000000)
  to   space 10752K, 0% used [0x00000000e7b00000,0x00000000e7b00000,0x00000000e8580000)
 ParOldGen       total 39936K, used 11987K [0x00000000a0000000, 0x00000000a2700000, 0x00000000e0000000)
  object space 39936K, 30% used [0x00000000a0000000,0x00000000a0bb4ff0,0x00000000a2700000)
 Metaspace       used 30618K, capacity 31260K, committed 31488K, reserved 1077248K
  class space    used 4152K, capacity 4335K, committed 4352K, reserved 1048576K
GC Heap History (10 events):
Event: 9.024 GC heap before
{Heap before GC invocations=5 (full 0):
 PSYoungGen      total 35328K, used 35312K [0x00000000e0000000, 0x00000000e2500000, 0x0000000100000000)
  eden space 32768K, 100% used [0x00000000e0000000,0x00000000e2000000,0x00000000e2000000)
  from space 2560K, 99% used [0x00000000e2280000,0x00000000e24fc010,0x00000000e2500000)
  to   space 2560K, 0% used [0x00000000e2000000,0x00000000e2000000,0x00000000e2280000)
 ParOldGen       total 44032K, used 1347K [0x00000000a0000000, 0x00000000a2b00000, 0x00000000e0000000)
  object space 44032K, 3% used [0x00000000a0000000,0x00000000a0150de0,0x00000000a2b00000)
 Metaspace       used 12435K, capacity 12866K, committed 13184K, reserved 1060864K
  class space    used 1682K, capacity 1839K, committed 1920K, reserved 1048576K
Event: 9.052 GC heap after
Heap after GC invocations=5 (full 0):
 PSYoungGen      total 35328K, used 2560K [0x00000000e0000000, 0x00000000e4c00000, 0x0000000100000000)
  eden space 32768K, 0% used [0x00000000e0000000,0x00000000e0000000,0x00000000e2000000)
  from space 2560K, 100% used [0x00000000e2000000,0x00000000e2280000,0x00000000e2280000)
  to   space 6144K, 0% used [0x00000000e4600000,0x00000000e4600000,0x00000000e4c00000)
 ParOldGen       total 44032K, used 5206K [0x00000000a0000000, 0x00000000a2b00000, 0x00000000e0000000)
  object space 44032K, 11% used [0x00000000a0000000,0x00000000a0515b80,0x00000000a2b00000)
 Metaspace       used 12435K, capacity 12866K, committed 13184K, reserved 1060864K
  class space    used 1682K, capacity 1839K, committed 1920K, reserved 1048576K
}
Event: 10.493 GC heap before
{Heap before GC invocations=6 (full 0):
 PSYoungGen      total 35328K, used 35328K [0x00000000e0000000, 0x00000000e4c00000, 0x0000000100000000)
  eden space 32768K, 100% used [0x00000000e0000000,0x00000000e2000000,0x00000000e2000000)
  from space 2560K, 100% used [0x00000000e2000000,0x00000000e2280000,0x00000000e2280000)
  to   space 6144K, 0% used [0x00000000e4600000,0x00000000e4600000,0x00000000e4c00000)
 ParOldGen       total 44032K, used 5206K [0x00000000a0000000, 0x00000000a2b00000, 0x00000000e0000000)
  object space 44032K, 11% used [0x00000000a0000000,0x00000000a0515b80,0x00000000a2b00000)
 Metaspace       used 14689K, capacity 15214K, committed 15616K, reserved 1062912K
  class space    used 2060K, capacity 2197K, committed 2304K, reserved 1048576K
Event: 10.506 GC heap after
Heap after GC invocations=6 (full 0):
 PSYoungGen      total 70656K, used 5820K [0x00000000e0000000, 0x00000000e4e00000, 0x0000000100000000)
  eden space 64512K, 0% used [0x00000000e0000000,0x00000000e0000000,0x00000000e3f00000)
  from space 6144K, 94% used [0x00000000e4600000,0x00000000e4baf2d8,0x00000000e4c00000)
  to   space 7168K, 0% used [0x00000000e3f00000,0x00000000e3f00000,0x00000000e4600000)
 ParOldGen       total 44032K, used 5214K [0x00000000a0000000, 0x00000000a2b00000, 0x00000000e0000000)
  object space 44032K, 11% used [0x00000000a0000000,0x00000000a0517b80,0x00000000a2b00000)
 Metaspace       used 14689K, capacity 15214K, committed 15616K, reserved 1062912K
  class space    used 2060K, capacity 2197K, committed 2304K, reserved 1048576K
}
Event: 14.323 GC heap before
{Heap before GC invocations=7 (full 0):
 PSYoungGen      total 70656K, used 66133K [0x00000000e0000000, 0x00000000e4e00000, 0x0000000100000000)
  eden space 64512K, 93% used [0x00000000e0000000,0x00000000e3ae62f0,0x00000000e3f00000)
  from space 6144K, 94% used [0x00000000e4600000,0x00000000e4baf2d8,0x00000000e4c00000)
  to   space 7168K, 0% used [0x00000000e3f00000,0x00000000e3f00000,0x00000000e4600000)
 ParOldGen       total 44032K, used 5214K [0x00000000a0000000, 0x00000000a2b00000, 0x00000000e0000000)
  object space 44032K, 11% used [0x00000000a0000000,0x00000000a0517b80,0x00000000a2b00000)
 Metaspace       used 20624K, capacity 21178K, committed 21296K, reserved 1067008K
  class space    used 2968K, capacity 3133K, committed 3200K, reserved 1048576K
Event: 14.349 GC heap after
Heap after GC invocations=7 (full 0):
 PSYoungGen      total 71680K, used 7152K [0x00000000e0000000, 0x00000000e9200000, 0x0000000100000000)
  eden space 64512K, 0% used [0x00000000e0000000,0x00000000e0000000,0x00000000e3f00000)
  from space 7168K, 99% used [0x00000000e3f00000,0x00000000e45fc1e8,0x00000000e4600000)
  to   space 10240K, 0% used [0x00000000e8800000,0x00000000e8800000,0x00000000e9200000)
 ParOldGen       total 44032K, used 8823K [0x00000000a0000000, 0x00000000a2b00000, 0x00000000e0000000)
  object space 44032K, 20% used [0x00000000a0000000,0x00000000a089df08,0x00000000a2b00000)
 Metaspace       used 20624K, capacity 21178K, committed 21296K, reserved 1067008K
  class space    used 2968K, capacity 3133K, committed 3200K, reserved 1048576K
}
Event: 14.349 GC heap before
{Heap before GC invocations=8 (full 1):
 PSYoungGen      total 71680K, used 7152K [0x00000000e0000000, 0x00000000e9200000, 0x0000000100000000)
  eden space 64512K, 0% used [0x00000000e0000000,0x00000000e0000000,0x00000000e3f00000)
  from space 7168K, 99% used [0x00000000e3f00000,0x00000000e45fc1e8,0x00000000e4600000)
  to   space 10240K, 0% used [0x00000000e8800000,0x00000000e8800000,0x00000000e9200000)
 ParOldGen       total 44032K, used 8823K [0x00000000a0000000, 0x00000000a2b00000, 0x00000000e0000000)
  object space 44032K, 20% used [0x00000000a0000000,0x00000000a089df08,0x00000000a2b00000)
 Metaspace       used 20624K, capacity 21178K, committed 21296K, reserved 1067008K
  class space    used 2968K, capacity 3133K, committed 3200K, reserved 1048576K
Event: 14.459 GC heap after
Heap after GC invocations=8 (full 1):
 PSYoungGen      total 71680K, used 0K [0x00000000e0000000, 0x00000000e9200000, 0x0000000100000000)
  eden space 64512K, 0% used [0x00000000e0000000,0x00000000e0000000,0x00000000e3f00000)
  from space 7168K, 0% used [0x00000000e3f00000,0x00000000e3f00000,0x00000000e4600000)
  to   space 10240K, 0% used [0x00000000e8800000,0x00000000e8800000,0x00000000e9200000)
 ParOldGen       total 39936K, used 11979K [0x00000000a0000000, 0x00000000a2700000, 0x00000000e0000000)
  object space 39936K, 29% used [0x00000000a0000000,0x00000000a0bb2ff0,0x00000000a2700000)
 Metaspace       used 20624K, capacity 21178K, committed 21296K, reserved 1067008K
  class space    used 2968K, capacity 3133K, committed 3200K, reserved 1048576K
}
Event: 18.439 GC heap before
{Heap before GC invocations=9 (full 1):
 PSYoungGen      total 71680K, used 64512K [0x00000000e0000000, 0x00000000e9200000, 0x0000000100000000)
  eden space 64512K, 100% used [0x00000000e0000000,0x00000000e3f00000,0x00000000e3f00000)
  from space 7168K, 0% used [0x00000000e3f00000,0x00000000e3f00000,0x00000000e4600000)
  to   space 10240K, 0% used [0x00000000e8800000,0x00000000e8800000,0x00000000e9200000)
 ParOldGen       total 39936K, used 11979K [0x00000000a0000000, 0x00000000a2700000, 0x00000000e0000000)
  object space 39936K, 29% used [0x00000000a0000000,0x00000000a0bb2ff0,0x00000000a2700000)
 Metaspace       used 29056K, capacity 29624K, committed 29952K, reserved 1075200K
  class space    used 3906K, capacity 4067K, committed 4096K, reserved 1048576K
Event: 18.475 GC heap after
Heap after GC invocations=9 (full 1):
 PSYoungGen      total 109568K, used 7980K [0x00000000e0000000, 0x00000000e9000000, 0x0000000100000000)
  eden space 101376K, 0% used [0x00000000e0000000,0x00000000e0000000,0x00000000e6300000)
  from space 8192K, 97% used [0x00000000e8800000,0x00000000e8fcb038,0x00000000e9000000)
  to   space 10752K, 0% used [0x00000000e7b00000,0x00000000e7b00000,0x00000000e8580000)
 ParOldGen       total 39936K, used 11987K [0x00000000a0000000, 0x00000000a2700000, 0x00000000e0000000)
  object space 39936K, 30% used [0x00000000a0000000,0x00000000a0bb4ff0,0x00000000a2700000)
 Metaspace       used 29056K, capacity 29624K, committed 29952K, reserved 1075200K
  class space    used 3906K, capacity 4067K, committed 4096K, reserved 1048576K
}

